c:\users\user\downloads\hellowindow\obj\x64\debug\d3d12hellowindow.pch
c:\users\user\downloads\hellowindow\obj\x64\debug\vc143.pdb
c:\users\user\downloads\hellowindow\obj\x64\debug\vc143.idb
c:\users\user\downloads\hellowindow\obj\x64\debug\stdafx.obj
c:\users\user\downloads\hellowindow\obj\x64\debug\wictextureloader.obj
c:\users\user\downloads\hellowindow\obj\x64\debug\rviewfrustum.obj
c:\users\user\downloads\hellowindow\obj\x64\debug\rhorizonground.obj
c:\users\user\downloads\hellowindow\obj\x64\debug\renderingorderexp.obj
c:\users\user\downloads\hellowindow\obj\x64\debug\shader.obj
c:\users\user\downloads\hellowindow\obj\x64\debug\rendererbase.obj
c:\users\user\downloads\hellowindow\obj\x64\debug\camera.obj
c:\users\user\downloads\hellowindow\obj\x64\debug\objmtlloader.obj
c:\users\user\downloads\hellowindow\obj\x64\debug\main2.obj
c:\users\user\downloads\hellowindow\obj\x64\debug\fast_obj_impl.obj
c:\users\user\downloads\hellowindow\obj\x64\debug\imgui_widgets.obj
c:\users\user\downloads\hellowindow\obj\x64\debug\imgui_tables.obj
c:\users\user\downloads\hellowindow\obj\x64\debug\imgui_impl_glfw.obj
c:\users\user\downloads\hellowindow\obj\x64\debug\imgui_impl_dx12.obj
c:\users\user\downloads\hellowindow\obj\x64\debug\imgui_draw.obj
c:\users\user\downloads\hellowindow\obj\x64\debug\imgui.obj
c:\users\user\downloads\hellowindow\bin\x64\debug\d3d12hellowindow.exe
c:\users\user\downloads\hellowindow\bin\x64\debug\d3d12hellowindow.pdb
c:\users\user\downloads\hellowindow\obj\x64\debug\d3d12hellowindow.ilk
c:\users\user\downloads\hellowindow\obj\x64\debug\d3d12hellowindow.tlog\cl.command.1.tlog
c:\users\user\downloads\hellowindow\obj\x64\debug\d3d12hellowindow.tlog\cl.items.tlog
c:\users\user\downloads\hellowindow\obj\x64\debug\d3d12hellowindow.tlog\cl.read.1.tlog
c:\users\user\downloads\hellowindow\obj\x64\debug\d3d12hellowindow.tlog\cl.write.1.tlog
c:\users\user\downloads\hellowindow\obj\x64\debug\d3d12hellowindow.tlog\fxc.command.1.tlog
c:\users\user\downloads\hellowindow\obj\x64\debug\d3d12hellowindow.tlog\fxc.read.1.tlog
c:\users\user\downloads\hellowindow\obj\x64\debug\d3d12hellowindow.tlog\link.command.1.tlog
c:\users\user\downloads\hellowindow\obj\x64\debug\d3d12hellowindow.tlog\link.read.1.tlog
c:\users\user\downloads\hellowindow\obj\x64\debug\d3d12hellowindow.tlog\link.secondary.1.tlog
c:\users\user\downloads\hellowindow\obj\x64\debug\d3d12hellowindow.tlog\link.write.1.tlog
